<?xml version="1.0" encoding="UTF-8"?>
<!-- Generated by org.testng.reporters.JUnitReportReporter -->
<testsuite hostname="Chetan" failures="0" tests="1" name="testLogin.TravelSearch" time="75.013" errors="0" timestamp="2022-06-27T18:24:07 IST" skipped="0">
  <testcase classname="testLogin.TravelSearch" name="Travel" time="75.013"/>
  <system-out/>
</testsuite> <!-- testLogin.TravelSearch -->
