<?xml version="1.0" encoding="UTF-8"?>
<!-- Generated by org.testng.reporters.JUnitReportReporter -->
<testsuite hostname="Chetan" failures="0" tests="1" name="testLogin.BuyTest" time="13.832" errors="0" timestamp="2022-06-24T19:43:30 IST" skipped="0">
  <testcase classname="testLogin.BuyTest" name="login" time="13.832"/>
  <system-out/>
</testsuite> <!-- testLogin.BuyTest -->
