<?xml version="1.0" encoding="UTF-8"?>
<!-- Generated by org.testng.reporters.JUnitReportReporter -->
<testsuite hostname="Chetan" failures="0" tests="1" name="testLogin.LoginPageTest" time="14.264" errors="0" timestamp="2022-06-25T12:56:42 IST" skipped="0">
  <testcase classname="testLogin.LoginPageTest" name="scroll" time="14.264"/>
  <system-out/>
</testsuite> <!-- testLogin.LoginPageTest -->
